[debug] [2022-07-07T08:59:05.551Z] ----------------------------------------------------------------------
[debug] [2022-07-07T08:59:05.553Z] Command:       C:\Program Files\nodejs\node.exe C:\Program Files\nodejs\node_modules\firebase-tools\lib\bin\firebase.js init
[debug] [2022-07-07T08:59:05.554Z] CLI Version:   11.2.0
[debug] [2022-07-07T08:59:05.554Z] Platform:      win32
[debug] [2022-07-07T08:59:05.554Z] Node Version:  v16.15.1
[debug] [2022-07-07T08:59:05.555Z] Time:          Thu Jul 07 2022 14:29:05 GMT+0530 (India Standard Time)
[debug] [2022-07-07T08:59:05.555Z] ----------------------------------------------------------------------
[debug] 
[debug] [2022-07-07T08:59:05.564Z] > command requires scopes: ["email","openid","https://www.googleapis.com/auth/cloudplatformprojects.readonly","https://www.googleapis.com/auth/firebase","https://www.googleapis.com/auth/cloud-platform"]
[debug] [2022-07-07T08:59:05.564Z] > authorizing via signed-in user (risabhrai2001@gmail.com)
[info] 
     ######## #### ########  ######## ########     ###     ######  ########
     ##        ##  ##     ## ##       ##     ##  ##   ##  ##       ##
     ######    ##  ########  ######   ########  #########  ######  ######
     ##        ##  ##    ##  ##       ##     ## ##     ##       ## ##
     ##       #### ##     ## ######## ########  ##     ##  ######  ########

You're about to initialize a Firebase project in this directory:

  C:\Rent\rent-a-property

Before we get started, keep in mind:

  * You are currently outside your home directory

